<?xml version="1.0" encoding="UTF-8"?>
<testsuite name="com.bot.schedule.BotScheduleApplicationTests" tests="1" skipped="0" failures="0" errors="0" timestamp="2019-08-05T02:46:39" hostname="Thiagos-MacBook-Pro.local" time="0.202">
  <properties/>
  <testcase name="contextLoads" classname="com.bot.schedule.BotScheduleApplicationTests" time="0.202"/>
  <system-out><![CDATA[23:46:13.510 [Test worker] DEBUG org.springframework.test.context.junit4.SpringJUnit4ClassRunner - SpringJUnit4ClassRunner constructor called with [class com.bot.schedule.BotScheduleApplicationTests]
23:46:13.529 [Test worker] DEBUG org.springframework.test.context.BootstrapUtils - Instantiating CacheAwareContextLoaderDelegate from class [org.springframework.test.context.cache.DefaultCacheAwareContextLoaderDelegate]
23:46:13.546 [Test worker] DEBUG org.springframework.test.context.BootstrapUtils - Instantiating BootstrapContext using constructor [public org.springframework.test.context.support.DefaultBootstrapContext(java.lang.Class,org.springframework.test.context.CacheAwareContextLoaderDelegate)]
23:46:13.578 [Test worker] DEBUG org.springframework.test.context.BootstrapUtils - Instantiating TestContextBootstrapper for test class [com.bot.schedule.BotScheduleApplicationTests] from class [org.springframework.boot.test.context.SpringBootTestContextBootstrapper]
23:46:13.599 [Test worker] INFO org.springframework.boot.test.context.SpringBootTestContextBootstrapper - Neither @ContextConfiguration nor @ContextHierarchy found for test class [com.bot.schedule.BotScheduleApplicationTests], using SpringBootContextLoader
23:46:13.607 [Test worker] DEBUG org.springframework.test.context.support.AbstractContextLoader - Did not detect default resource location for test class [com.bot.schedule.BotScheduleApplicationTests]: class path resource [com/bot/schedule/BotScheduleApplicationTests-context.xml] does not exist
23:46:13.609 [Test worker] DEBUG org.springframework.test.context.support.AbstractContextLoader - Did not detect default resource location for test class [com.bot.schedule.BotScheduleApplicationTests]: class path resource [com/bot/schedule/BotScheduleApplicationTestsContext.groovy] does not exist
23:46:13.609 [Test worker] INFO org.springframework.test.context.support.AbstractContextLoader - Could not detect default resource locations for test class [com.bot.schedule.BotScheduleApplicationTests]: no resource found for suffixes {-context.xml, Context.groovy}.
23:46:13.611 [Test worker] INFO org.springframework.test.context.support.AnnotationConfigContextLoaderUtils - Could not detect default configuration classes for test class [com.bot.schedule.BotScheduleApplicationTests]: BotScheduleApplicationTests does not declare any static, non-private, non-final, nested classes annotated with @Configuration.
23:46:13.718 [Test worker] DEBUG org.springframework.test.context.support.ActiveProfilesUtils - Could not find an 'annotation declaring class' for annotation type [org.springframework.test.context.ActiveProfiles] and class [com.bot.schedule.BotScheduleApplicationTests]
23:46:13.891 [Test worker] DEBUG org.springframework.context.annotation.ClassPathScanningCandidateComponentProvider - Identified candidate component class: file [/Volumes/My_Drive/Development/git/intellij/lab/bot-parent/bot-schedule/build/classes/java/main/com/bot/schedule/BotScheduleApplication.class]
23:46:13.894 [Test worker] INFO org.springframework.boot.test.context.SpringBootTestContextBootstrapper - Found @SpringBootConfiguration com.bot.schedule.BotScheduleApplication for test class com.bot.schedule.BotScheduleApplicationTests
23:46:14.217 [Test worker] DEBUG org.springframework.boot.test.context.SpringBootTestContextBootstrapper - @TestExecutionListeners is not present for class [com.bot.schedule.BotScheduleApplicationTests]: using defaults.
23:46:14.218 [Test worker] INFO org.springframework.boot.test.context.SpringBootTestContextBootstrapper - Loaded default TestExecutionListener class names from location [META-INF/spring.factories]: [org.springframework.boot.test.autoconfigure.restdocs.RestDocsTestExecutionListener, org.springframework.boot.test.autoconfigure.web.client.MockRestServiceServerResetTestExecutionListener, org.springframework.boot.test.autoconfigure.web.servlet.MockMvcPrintOnlyOnFailureTestExecutionListener, org.springframework.boot.test.autoconfigure.web.servlet.WebDriverTestExecutionListener, org.springframework.boot.test.mock.mockito.MockitoTestExecutionListener, org.springframework.boot.test.mock.mockito.ResetMocksTestExecutionListener, org.springframework.test.context.web.ServletTestExecutionListener, org.springframework.test.context.support.DirtiesContextBeforeModesTestExecutionListener, org.springframework.test.context.support.DependencyInjectionTestExecutionListener, org.springframework.test.context.support.DirtiesContextTestExecutionListener, org.springframework.test.context.transaction.TransactionalTestExecutionListener, org.springframework.test.context.jdbc.SqlScriptsTestExecutionListener]
23:46:14.253 [Test worker] INFO org.springframework.boot.test.context.SpringBootTestContextBootstrapper - Using TestExecutionListeners: [org.springframework.test.context.web.ServletTestExecutionListener@420e09ee, org.springframework.test.context.support.DirtiesContextBeforeModesTestExecutionListener@d9059e8, org.springframework.boot.test.mock.mockito.MockitoTestExecutionListener@35257ccd, org.springframework.boot.test.autoconfigure.SpringBootDependencyInjectionTestExecutionListener@7cc4e8c3, org.springframework.test.context.support.DirtiesContextTestExecutionListener@4eb7dfcc, org.springframework.test.context.transaction.TransactionalTestExecutionListener@41e790eb, org.springframework.test.context.jdbc.SqlScriptsTestExecutionListener@5fba4f0e, org.springframework.boot.test.autoconfigure.restdocs.RestDocsTestExecutionListener@46326ca, org.springframework.boot.test.autoconfigure.web.client.MockRestServiceServerResetTestExecutionListener@74dac035, org.springframework.boot.test.autoconfigure.web.servlet.MockMvcPrintOnlyOnFailureTestExecutionListener@9c7668d, org.springframework.boot.test.autoconfigure.web.servlet.WebDriverTestExecutionListener@4089a84, org.springframework.boot.test.mock.mockito.ResetMocksTestExecutionListener@19c0b9b9]
23:46:14.258 [Test worker] DEBUG org.springframework.test.annotation.ProfileValueUtils - Retrieved @ProfileValueSourceConfiguration [null] for test class [com.bot.schedule.BotScheduleApplicationTests]
23:46:14.259 [Test worker] DEBUG org.springframework.test.annotation.ProfileValueUtils - Retrieved ProfileValueSource type [class org.springframework.test.annotation.SystemProfileValueSource] for class [com.bot.schedule.BotScheduleApplicationTests]
23:46:14.261 [Test worker] DEBUG org.springframework.test.annotation.ProfileValueUtils - Retrieved @ProfileValueSourceConfiguration [null] for test class [com.bot.schedule.BotScheduleApplicationTests]
23:46:14.261 [Test worker] DEBUG org.springframework.test.annotation.ProfileValueUtils - Retrieved ProfileValueSource type [class org.springframework.test.annotation.SystemProfileValueSource] for class [com.bot.schedule.BotScheduleApplicationTests]
23:46:14.269 [Test worker] DEBUG org.springframework.test.context.support.AbstractDirtiesContextTestExecutionListener - Before test class: context [DefaultTestContext@67238da8 testClass = BotScheduleApplicationTests, testInstance = [null], testMethod = [null], testException = [null], mergedContextConfiguration = [WebMergedContextConfiguration@7eb81c4 testClass = BotScheduleApplicationTests, locations = '{}', classes = '{class com.bot.schedule.BotScheduleApplication}', contextInitializerClasses = '[]', activeProfiles = '{}', propertySourceLocations = '{}', propertySourceProperties = '{org.springframework.boot.test.context.SpringBootTestContextBootstrapper=true}', contextCustomizers = set[org.springframework.boot.test.autoconfigure.properties.PropertyMappingContextCustomizer@0, org.springframework.boot.test.autoconfigure.web.servlet.WebDriverContextCustomizerFactory$Customizer@3edfa8e2, org.springframework.boot.test.context.filter.ExcludeFilterContextCustomizer@642c201, org.springframework.boot.test.json.DuplicateJsonObjectContextCustomizerFactory$DuplicateJsonObjectContextCustomizer@15065da0, org.springframework.boot.test.mock.mockito.MockitoContextCustomizer@0, org.springframework.boot.test.web.client.TestRestTemplateContextCustomizer@25aa321b], resourceBasePath = 'src/main/webapp', contextLoader = 'org.springframework.boot.test.context.SpringBootContextLoader', parent = [null]], attributes = map['org.springframework.test.context.web.ServletTestExecutionListener.activateListener' -> true]], class annotated with @DirtiesContext [false] with mode [null].
23:46:14.270 [Test worker] DEBUG org.springframework.test.annotation.ProfileValueUtils - Retrieved @ProfileValueSourceConfiguration [null] for test class [com.bot.schedule.BotScheduleApplicationTests]
23:46:14.271 [Test worker] DEBUG org.springframework.test.annotation.ProfileValueUtils - Retrieved ProfileValueSource type [class org.springframework.test.annotation.SystemProfileValueSource] for class [com.bot.schedule.BotScheduleApplicationTests]
23:46:14.310 [Test worker] DEBUG org.springframework.test.context.support.TestPropertySourceUtils - Adding inlined properties to environment: {spring.jmx.enabled=false, org.springframework.boot.test.context.SpringBootTestContextBootstrapper=true, server.port=-1}
2019-08-04 23:46:16.230  INFO [-,,,] 23666 --- [    Test worker] trationDelegate$BeanPostProcessorChecker : Bean 'org.springframework.cloud.autoconfigure.ConfigurationPropertiesRebinderAutoConfiguration' of type [org.springframework.cloud.autoconfigure.ConfigurationPropertiesRebinderAutoConfiguration$$EnhancerBySpringCGLIB$$cf1d685f] is not eligible for getting processed by all BeanPostProcessors (for example: not eligible for auto-proxying)

  .   ____          _            __ _ _
 /\\ / ___'_ __ _ _(_)_ __  __ _ \ \ \ \
( ( )\___ | '_ | '_| | '_ \/ _` | \ \ \ \
 \\/  ___)| |_)| | | | | || (_| |  ) ) ) )
  '  |____| .__|_| |_|_| |_\__, | / / / /
 =========|_|==============|___/=/_/_/_/
 :: Spring Boot ::        (v2.1.6.RELEASE)

2019-08-04 23:46:17.440  INFO [bot-schedule,,,] 23666 --- [    Test worker] c.b.s.BotScheduleApplicationTests        : No active profile set, falling back to default profiles: default
2019-08-04 23:46:19.711  INFO [bot-schedule,,,] 23666 --- [    Test worker] .s.d.r.c.RepositoryConfigurationDelegate : Bootstrapping Spring Data repositories in DEFAULT mode.
2019-08-04 23:46:19.946  INFO [bot-schedule,,,] 23666 --- [    Test worker] .s.d.r.c.RepositoryConfigurationDelegate : Finished Spring Data repository scanning in 215ms. Found 2 repository interfaces.
2019-08-04 23:46:20.328  WARN [bot-schedule,,,] 23666 --- [    Test worker] o.s.boot.actuate.endpoint.EndpointId     : Endpoint ID 'service-registry' contains invalid characters, please migrate to a valid format.
2019-08-04 23:46:20.547  WARN [bot-schedule,,,] 23666 --- [    Test worker] o.s.boot.actuate.endpoint.EndpointId     : Endpoint ID 'hystrix.stream' contains invalid characters, please migrate to a valid format.
2019-08-04 23:46:21.449  INFO [bot-schedule,,,] 23666 --- [    Test worker] o.s.cloud.context.scope.GenericScope     : BeanFactory id=56d70ff2-dd15-33da-98fe-4e8ae5086c5b
2019-08-04 23:46:22.472  INFO [bot-schedule,,,] 23666 --- [    Test worker] trationDelegate$BeanPostProcessorChecker : Bean 'org.springframework.transaction.annotation.ProxyTransactionManagementConfiguration' of type [org.springframework.transaction.annotation.ProxyTransactionManagementConfiguration$$EnhancerBySpringCGLIB$$b3036562] is not eligible for getting processed by all BeanPostProcessors (for example: not eligible for auto-proxying)
2019-08-04 23:46:22.657  INFO [bot-schedule,,,] 23666 --- [    Test worker] trationDelegate$BeanPostProcessorChecker : Bean 'org.springframework.cloud.autoconfigure.ConfigurationPropertiesRebinderAutoConfiguration' of type [org.springframework.cloud.autoconfigure.ConfigurationPropertiesRebinderAutoConfiguration$$EnhancerBySpringCGLIB$$cf1d685f] is not eligible for getting processed by all BeanPostProcessors (for example: not eligible for auto-proxying)
2019-08-04 23:46:23.584  INFO [bot-schedule,,,] 23666 --- [    Test worker] com.zaxxer.hikari.HikariDataSource       : HikariPool-1 - Starting...
2019-08-04 23:46:24.068  INFO [bot-schedule,,,] 23666 --- [    Test worker] com.zaxxer.hikari.HikariDataSource       : HikariPool-1 - Start completed.
2019-08-04 23:46:24.360  INFO [bot-schedule,,,] 23666 --- [    Test worker] o.hibernate.jpa.internal.util.LogHelper  : HHH000204: Processing PersistenceUnitInfo [
	name: default
	...]
2019-08-04 23:46:24.516  INFO [bot-schedule,,,] 23666 --- [    Test worker] org.hibernate.Version                    : HHH000412: Hibernate Core {5.3.10.Final}
2019-08-04 23:46:24.519  INFO [bot-schedule,,,] 23666 --- [    Test worker] org.hibernate.cfg.Environment            : HHH000206: hibernate.properties not found
2019-08-04 23:46:24.882  INFO [bot-schedule,,,] 23666 --- [    Test worker] o.hibernate.annotations.common.Version   : HCANN000001: Hibernate Commons Annotations {5.0.4.Final}
2019-08-04 23:46:25.250  INFO [bot-schedule,,,] 23666 --- [    Test worker] org.hibernate.dialect.Dialect            : HHH000400: Using dialect: org.hibernate.dialect.H2Dialect
2019-08-04 23:46:27.598  INFO [bot-schedule,,,] 23666 --- [    Test worker] o.h.t.schema.internal.SchemaCreatorImpl  : HHH000476: Executing import script 'org.hibernate.tool.schema.internal.exec.ScriptSourceInputNonExistentImpl@209b5d4'
2019-08-04 23:46:27.606  INFO [bot-schedule,,,] 23666 --- [    Test worker] j.LocalContainerEntityManagerFactoryBean : Initialized JPA EntityManagerFactory for persistence unit 'default'
2019-08-04 23:46:30.183  WARN [bot-schedule,,,] 23666 --- [    Test worker] c.n.c.sources.URLConfigurationSource     : No URLs will be polled as dynamic configuration sources.
2019-08-04 23:46:30.183  INFO [bot-schedule,,,] 23666 --- [    Test worker] c.n.c.sources.URLConfigurationSource     : To enable URLs as dynamic configuration sources, define System property archaius.configurationSource.additionalUrls or make config.properties available on classpath.
2019-08-04 23:46:30.215  INFO [bot-schedule,,,] 23666 --- [    Test worker] c.netflix.config.DynamicPropertyFactory  : DynamicPropertyFactory is initialized with configuration sources: com.netflix.config.ConcurrentCompositeConfiguration@7946c56b
2019-08-04 23:46:31.852  WARN [bot-schedule,,,] 23666 --- [    Test worker] c.n.c.sources.URLConfigurationSource     : No URLs will be polled as dynamic configuration sources.
2019-08-04 23:46:31.853  INFO [bot-schedule,,,] 23666 --- [    Test worker] c.n.c.sources.URLConfigurationSource     : To enable URLs as dynamic configuration sources, define System property archaius.configurationSource.additionalUrls or make config.properties available on classpath.
2019-08-04 23:46:33.169  INFO [bot-schedule,,,] 23666 --- [    Test worker] o.s.s.concurrent.ThreadPoolTaskExecutor  : Initializing ExecutorService 'applicationTaskExecutor'
2019-08-04 23:46:33.391  WARN [bot-schedule,,,] 23666 --- [    Test worker] aWebConfiguration$JpaWebMvcConfiguration : spring.jpa.open-in-view is enabled by default. Therefore, database queries may be performed during view rendering. Explicitly configure spring.jpa.open-in-view to disable this warning
2019-08-04 23:46:36.946  INFO [bot-schedule,,,] 23666 --- [    Test worker] o.s.s.c.ThreadPoolTaskScheduler          : Initializing ExecutorService 'taskScheduler'
2019-08-04 23:46:39.045  INFO [bot-schedule,,,] 23666 --- [    Test worker] o.s.b.a.e.web.EndpointLinksResolver      : Exposing 2 endpoint(s) beneath base path '/actuator'
2019-08-04 23:46:39.335  INFO [bot-schedule,,,] 23666 --- [    Test worker] c.b.s.BotScheduleApplicationTests        : Started BotScheduleApplicationTests in 25.003 seconds (JVM running for 27.267)
]]></system-out>
  <system-err><![CDATA[]]></system-err>
</testsuite>
