<?xml version="1.0" encoding="UTF-8"?>
<testsuite name="com.bot.eureka.BotEurekaApplicationTests" tests="1" skipped="0" failures="0" errors="0" timestamp="2019-08-05T02:44:36" hostname="Thiagos-MacBook-Pro.local" time="0.67">
  <properties/>
  <testcase name="contextLoads" classname="com.bot.eureka.BotEurekaApplicationTests" time="0.67"/>
  <system-out><![CDATA[23:44:23.172 [Test worker] DEBUG org.springframework.test.context.junit4.SpringJUnit4ClassRunner - SpringJUnit4ClassRunner constructor called with [class com.bot.eureka.BotEurekaApplicationTests]
23:44:23.188 [Test worker] DEBUG org.springframework.test.context.BootstrapUtils - Instantiating CacheAwareContextLoaderDelegate from class [org.springframework.test.context.cache.DefaultCacheAwareContextLoaderDelegate]
23:44:23.203 [Test worker] DEBUG org.springframework.test.context.BootstrapUtils - Instantiating BootstrapContext using constructor [public org.springframework.test.context.support.DefaultBootstrapContext(java.lang.Class,org.springframework.test.context.CacheAwareContextLoaderDelegate)]
23:44:23.232 [Test worker] DEBUG org.springframework.test.context.BootstrapUtils - Instantiating TestContextBootstrapper for test class [com.bot.eureka.BotEurekaApplicationTests] from class [org.springframework.boot.test.context.SpringBootTestContextBootstrapper]
23:44:23.257 [Test worker] INFO org.springframework.boot.test.context.SpringBootTestContextBootstrapper - Neither @ContextConfiguration nor @ContextHierarchy found for test class [com.bot.eureka.BotEurekaApplicationTests], using SpringBootContextLoader
23:44:23.263 [Test worker] DEBUG org.springframework.test.context.support.AbstractContextLoader - Did not detect default resource location for test class [com.bot.eureka.BotEurekaApplicationTests]: class path resource [com/bot/eureka/BotEurekaApplicationTests-context.xml] does not exist
23:44:23.265 [Test worker] DEBUG org.springframework.test.context.support.AbstractContextLoader - Did not detect default resource location for test class [com.bot.eureka.BotEurekaApplicationTests]: class path resource [com/bot/eureka/BotEurekaApplicationTestsContext.groovy] does not exist
23:44:23.265 [Test worker] INFO org.springframework.test.context.support.AbstractContextLoader - Could not detect default resource locations for test class [com.bot.eureka.BotEurekaApplicationTests]: no resource found for suffixes {-context.xml, Context.groovy}.
23:44:23.267 [Test worker] INFO org.springframework.test.context.support.AnnotationConfigContextLoaderUtils - Could not detect default configuration classes for test class [com.bot.eureka.BotEurekaApplicationTests]: BotEurekaApplicationTests does not declare any static, non-private, non-final, nested classes annotated with @Configuration.
23:44:23.344 [Test worker] DEBUG org.springframework.test.context.support.ActiveProfilesUtils - Could not find an 'annotation declaring class' for annotation type [org.springframework.test.context.ActiveProfiles] and class [com.bot.eureka.BotEurekaApplicationTests]
23:44:23.485 [Test worker] DEBUG org.springframework.context.annotation.ClassPathScanningCandidateComponentProvider - Identified candidate component class: file [/Volumes/My_Drive/Development/git/intellij/lab/bot-parent/bot-eureka/build/classes/java/main/com/bot/eureka/BotEurekaApplication.class]
23:44:23.490 [Test worker] INFO org.springframework.boot.test.context.SpringBootTestContextBootstrapper - Found @SpringBootConfiguration com.bot.eureka.BotEurekaApplication for test class com.bot.eureka.BotEurekaApplicationTests
23:44:23.747 [Test worker] DEBUG org.springframework.boot.test.context.SpringBootTestContextBootstrapper - @TestExecutionListeners is not present for class [com.bot.eureka.BotEurekaApplicationTests]: using defaults.
23:44:23.748 [Test worker] INFO org.springframework.boot.test.context.SpringBootTestContextBootstrapper - Loaded default TestExecutionListener class names from location [META-INF/spring.factories]: [org.springframework.boot.test.autoconfigure.restdocs.RestDocsTestExecutionListener, org.springframework.boot.test.autoconfigure.web.client.MockRestServiceServerResetTestExecutionListener, org.springframework.boot.test.autoconfigure.web.servlet.MockMvcPrintOnlyOnFailureTestExecutionListener, org.springframework.boot.test.autoconfigure.web.servlet.WebDriverTestExecutionListener, org.springframework.boot.test.mock.mockito.MockitoTestExecutionListener, org.springframework.boot.test.mock.mockito.ResetMocksTestExecutionListener, org.springframework.test.context.web.ServletTestExecutionListener, org.springframework.test.context.support.DirtiesContextBeforeModesTestExecutionListener, org.springframework.test.context.support.DependencyInjectionTestExecutionListener, org.springframework.test.context.support.DirtiesContextTestExecutionListener, org.springframework.test.context.transaction.TransactionalTestExecutionListener, org.springframework.test.context.jdbc.SqlScriptsTestExecutionListener]
23:44:23.766 [Test worker] DEBUG org.springframework.boot.test.context.SpringBootTestContextBootstrapper - Skipping candidate TestExecutionListener [org.springframework.test.context.transaction.TransactionalTestExecutionListener] due to a missing dependency. Specify custom listener classes or make the default listener classes and their required dependencies available. Offending class: [org/springframework/transaction/interceptor/TransactionAttributeSource]
23:44:23.767 [Test worker] DEBUG org.springframework.boot.test.context.SpringBootTestContextBootstrapper - Skipping candidate TestExecutionListener [org.springframework.test.context.jdbc.SqlScriptsTestExecutionListener] due to a missing dependency. Specify custom listener classes or make the default listener classes and their required dependencies available. Offending class: [org/springframework/transaction/interceptor/TransactionAttribute]
23:44:23.767 [Test worker] INFO org.springframework.boot.test.context.SpringBootTestContextBootstrapper - Using TestExecutionListeners: [org.springframework.test.context.web.ServletTestExecutionListener@7cc29a18, org.springframework.test.context.support.DirtiesContextBeforeModesTestExecutionListener@5f8487de, org.springframework.boot.test.mock.mockito.MockitoTestExecutionListener@5a5aad7b, org.springframework.boot.test.autoconfigure.SpringBootDependencyInjectionTestExecutionListener@23074c6b, org.springframework.test.context.support.DirtiesContextTestExecutionListener@4b7d1049, org.springframework.boot.test.autoconfigure.restdocs.RestDocsTestExecutionListener@303cc48f, org.springframework.boot.test.autoconfigure.web.client.MockRestServiceServerResetTestExecutionListener@3f028686, org.springframework.boot.test.autoconfigure.web.servlet.MockMvcPrintOnlyOnFailureTestExecutionListener@26fff119, org.springframework.boot.test.autoconfigure.web.servlet.WebDriverTestExecutionListener@52342d7, org.springframework.boot.test.mock.mockito.ResetMocksTestExecutionListener@53edf640]
23:44:23.771 [Test worker] DEBUG org.springframework.test.annotation.ProfileValueUtils - Retrieved @ProfileValueSourceConfiguration [null] for test class [com.bot.eureka.BotEurekaApplicationTests]
23:44:23.772 [Test worker] DEBUG org.springframework.test.annotation.ProfileValueUtils - Retrieved ProfileValueSource type [class org.springframework.test.annotation.SystemProfileValueSource] for class [com.bot.eureka.BotEurekaApplicationTests]
23:44:23.774 [Test worker] DEBUG org.springframework.test.annotation.ProfileValueUtils - Retrieved @ProfileValueSourceConfiguration [null] for test class [com.bot.eureka.BotEurekaApplicationTests]
23:44:23.774 [Test worker] DEBUG org.springframework.test.annotation.ProfileValueUtils - Retrieved ProfileValueSource type [class org.springframework.test.annotation.SystemProfileValueSource] for class [com.bot.eureka.BotEurekaApplicationTests]
23:44:23.782 [Test worker] DEBUG org.springframework.test.context.support.AbstractDirtiesContextTestExecutionListener - Before test class: context [DefaultTestContext@54b20211 testClass = BotEurekaApplicationTests, testInstance = [null], testMethod = [null], testException = [null], mergedContextConfiguration = [WebMergedContextConfiguration@5fdcf2be testClass = BotEurekaApplicationTests, locations = '{}', classes = '{class com.bot.eureka.BotEurekaApplication}', contextInitializerClasses = '[]', activeProfiles = '{}', propertySourceLocations = '{}', propertySourceProperties = '{org.springframework.boot.test.context.SpringBootTestContextBootstrapper=true}', contextCustomizers = set[org.springframework.boot.test.autoconfigure.properties.PropertyMappingContextCustomizer@0, org.springframework.boot.test.autoconfigure.web.servlet.WebDriverContextCustomizerFactory$Customizer@4cc30169, org.springframework.boot.test.context.filter.ExcludeFilterContextCustomizer@1113feaf, org.springframework.boot.test.json.DuplicateJsonObjectContextCustomizerFactory$DuplicateJsonObjectContextCustomizer@12f66db, org.springframework.boot.test.mock.mockito.MockitoContextCustomizer@0, org.springframework.boot.test.web.client.TestRestTemplateContextCustomizer@5d0178], resourceBasePath = 'src/main/webapp', contextLoader = 'org.springframework.boot.test.context.SpringBootContextLoader', parent = [null]], attributes = map['org.springframework.test.context.web.ServletTestExecutionListener.activateListener' -> true]], class annotated with @DirtiesContext [false] with mode [null].
23:44:23.783 [Test worker] DEBUG org.springframework.test.annotation.ProfileValueUtils - Retrieved @ProfileValueSourceConfiguration [null] for test class [com.bot.eureka.BotEurekaApplicationTests]
23:44:23.784 [Test worker] DEBUG org.springframework.test.annotation.ProfileValueUtils - Retrieved ProfileValueSource type [class org.springframework.test.annotation.SystemProfileValueSource] for class [com.bot.eureka.BotEurekaApplicationTests]
23:44:23.820 [Test worker] DEBUG org.springframework.test.context.support.TestPropertySourceUtils - Adding inlined properties to environment: {spring.jmx.enabled=false, org.springframework.boot.test.context.SpringBootTestContextBootstrapper=true, server.port=-1}
2019-08-04 23:44:25.608  INFO 23625 --- [    Test worker] trationDelegate$BeanPostProcessorChecker : Bean 'org.springframework.cloud.autoconfigure.ConfigurationPropertiesRebinderAutoConfiguration' of type [org.springframework.cloud.autoconfigure.ConfigurationPropertiesRebinderAutoConfiguration$$EnhancerBySpringCGLIB$$1db9ce2f] is not eligible for getting processed by all BeanPostProcessors (for example: not eligible for auto-proxying)

  .   ____          _            __ _ _
 /\\ / ___'_ __ _ _(_)_ __  __ _ \ \ \ \
( ( )\___ | '_ | '_| | '_ \/ _` | \ \ \ \
 \\/  ___)| |_)| | | | | || (_| |  ) ) ) )
  '  |____| .__|_| |_|_| |_\__, | / / / /
 =========|_|==============|___/=/_/_/_/
 :: Spring Boot ::        (v2.1.6.RELEASE)

2019-08-04 23:44:26.960  INFO 23625 --- [    Test worker] c.bot.eureka.BotEurekaApplicationTests   : No active profile set, falling back to default profiles: default
2019-08-04 23:44:28.792  WARN 23625 --- [    Test worker] o.s.boot.actuate.endpoint.EndpointId     : Endpoint ID 'service-registry' contains invalid characters, please migrate to a valid format.
2019-08-04 23:44:29.608  INFO 23625 --- [    Test worker] o.s.cloud.context.scope.GenericScope     : BeanFactory id=1ab7108b-3266-3d11-895c-28f4dc1e06df
2019-08-04 23:44:30.061  INFO 23625 --- [    Test worker] trationDelegate$BeanPostProcessorChecker : Bean 'org.springframework.cloud.autoconfigure.ConfigurationPropertiesRebinderAutoConfiguration' of type [org.springframework.cloud.autoconfigure.ConfigurationPropertiesRebinderAutoConfiguration$$EnhancerBySpringCGLIB$$1db9ce2f] is not eligible for getting processed by all BeanPostProcessors (for example: not eligible for auto-proxying)
2019-08-04 23:44:30.869  WARN 23625 --- [    Test worker] o.s.c.n.a.ArchaiusAutoConfiguration      : No spring.application.name found, defaulting to 'application'
2019-08-04 23:44:30.878  WARN 23625 --- [    Test worker] c.n.c.sources.URLConfigurationSource     : No URLs will be polled as dynamic configuration sources.
2019-08-04 23:44:30.878  INFO 23625 --- [    Test worker] c.n.c.sources.URLConfigurationSource     : To enable URLs as dynamic configuration sources, define System property archaius.configurationSource.additionalUrls or make config.properties available on classpath.
2019-08-04 23:44:30.892  WARN 23625 --- [    Test worker] c.n.c.sources.URLConfigurationSource     : No URLs will be polled as dynamic configuration sources.
2019-08-04 23:44:30.893  INFO 23625 --- [    Test worker] c.n.c.sources.URLConfigurationSource     : To enable URLs as dynamic configuration sources, define System property archaius.configurationSource.additionalUrls or make config.properties available on classpath.
2019-08-04 23:44:32.642  INFO 23625 --- [    Test worker] o.s.s.concurrent.ThreadPoolTaskExecutor  : Initializing ExecutorService 'applicationTaskExecutor'
2019-08-04 23:44:35.849  INFO 23625 --- [    Test worker] o.s.c.n.eureka.InstanceInfoFactory       : Setting initial instance status as: STARTING
2019-08-04 23:44:35.928  INFO 23625 --- [    Test worker] com.netflix.discovery.DiscoveryClient    : Initializing Eureka in region us-east-1
2019-08-04 23:44:35.931  INFO 23625 --- [    Test worker] com.netflix.discovery.DiscoveryClient    : Client configured to neither register nor query for data.
2019-08-04 23:44:35.954  INFO 23625 --- [    Test worker] com.netflix.discovery.DiscoveryClient    : Discovery Client initialized at timestamp 1564973075952 with initial instances count: 0
2019-08-04 23:44:36.059  INFO 23625 --- [    Test worker] c.n.eureka.DefaultEurekaServerContext    : Initializing ...
2019-08-04 23:44:36.065  WARN 23625 --- [    Test worker] c.n.eureka.cluster.PeerEurekaNodes       : The replica size seems to be empty. Check the route 53 DNS Registry
2019-08-04 23:44:36.101  INFO 23625 --- [    Test worker] c.n.e.registry.AbstractInstanceRegistry  : Finished initializing remote region registries. All known remote regions: []
2019-08-04 23:44:36.107  INFO 23625 --- [    Test worker] c.n.eureka.DefaultEurekaServerContext    : Initialized
2019-08-04 23:44:36.707  INFO 23625 --- [    Test worker] o.s.b.a.e.web.EndpointLinksResolver      : Exposing 2 endpoint(s) beneath base path '/actuator'
2019-08-04 23:44:36.833  INFO 23625 --- [      Thread-13] o.s.c.n.e.server.EurekaServerBootstrap   : Setting the eureka configuration..
2019-08-04 23:44:36.835  INFO 23625 --- [      Thread-13] o.s.c.n.e.server.EurekaServerBootstrap   : Eureka data center value eureka.datacenter is not set, defaulting to default
2019-08-04 23:44:36.836  INFO 23625 --- [      Thread-13] o.s.c.n.e.server.EurekaServerBootstrap   : Eureka environment value eureka.environment is not set, defaulting to test
2019-08-04 23:44:36.864  INFO 23625 --- [      Thread-13] o.s.c.n.e.server.EurekaServerBootstrap   : isAws returned false
2019-08-04 23:44:36.865  INFO 23625 --- [      Thread-13] o.s.c.n.e.server.EurekaServerBootstrap   : Initialized server context
2019-08-04 23:44:36.866  INFO 23625 --- [      Thread-13] c.n.e.r.PeerAwareInstanceRegistryImpl    : Got 1 instances from neighboring DS node
2019-08-04 23:44:36.866  INFO 23625 --- [      Thread-13] c.n.e.r.PeerAwareInstanceRegistryImpl    : Renew threshold is: 1
2019-08-04 23:44:36.867  INFO 23625 --- [      Thread-13] c.n.e.r.PeerAwareInstanceRegistryImpl    : Changing status to UP
2019-08-04 23:44:36.887  INFO 23625 --- [    Test worker] c.bot.eureka.BotEurekaApplicationTests   : Started BotEurekaApplicationTests in 13.045 seconds (JVM running for 15.192)
2019-08-04 23:44:36.898  INFO 23625 --- [      Thread-13] e.s.EurekaServerInitializerConfiguration : Started Eureka Server
]]></system-out>
  <system-err><![CDATA[]]></system-err>
</testsuite>
